0 info it worked if it ends with ok
1 verbose cli [ 'C:\\tools\\nodejs\\node.exe',
1 verbose cli   'C:\\tools\\node-cli\\node_modules\\npm\\bin\\npm-cli.js',
1 verbose cli   'run',
1 verbose cli   'serv' ]
2 info using npm@3.3.4
3 info using node@v4.1.0
4 verbose stack Error: missing script: serv
4 verbose stack     at run (C:\tools\node-cli\node_modules\npm\lib\run-script.js:148:19)
4 verbose stack     at C:\tools\node-cli\node_modules\npm\lib\run-script.js:58:5
4 verbose stack     at C:\tools\node-cli\node_modules\npm\node_modules\read-package-json\read-json.js:345:5
4 verbose stack     at checkBinReferences_ (C:\tools\node-cli\node_modules\npm\node_modules\read-package-json\read-json.js:309:45)
4 verbose stack     at final (C:\tools\node-cli\node_modules\npm\node_modules\read-package-json\read-json.js:343:3)
4 verbose stack     at then (C:\tools\node-cli\node_modules\npm\node_modules\read-package-json\read-json.js:113:5)
4 verbose stack     at C:\tools\node-cli\node_modules\npm\node_modules\read-package-json\read-json.js:300:12
4 verbose stack     at C:\tools\node-cli\node_modules\npm\node_modules\graceful-fs\graceful-fs.js:76:16
4 verbose stack     at FSReqWrap.readFileAfterClose [as oncomplete] (fs.js:380:3)
5 verbose cwd C:\Project\JavaScriptTraining
6 error Windows_NT 10.0.10240
7 error argv "C:\\tools\\nodejs\\node.exe" "C:\\tools\\node-cli\\node_modules\\npm\\bin\\npm-cli.js" "run" "serv"
8 error node v4.1.0
9 error npm  v3.3.4
10 error missing script: serv
11 error If you need help, you may report this error at:
11 error     <https://github.com/npm/npm/issues>
12 verbose exit [ 1, true ]
